[0913/165914.935:WARNING:angle_platform_impl.cc(52)] compileToBinary(230): 
C:\fakepath(77,10-42): warning X3571: pow(f, e) will not work for negative f, use abs(f) or conditionally handle negative values if you expect them
C:\fakepath(99,10-42): warning X3571: pow(f, e) will not work for negative f, use abs(f) or conditionally handle negative values if you expect them

[0913/165915.104:ERROR:gles2_cmd_decoder.cc(17817)] [.BrowserCompositor-000001B490CCD450]GL ERROR :GL_INVALID_OPERATION : glCreateAndConsumeTextureCHROMIUM: invalid mailbox name
[0913/165915.155:ERROR:gles2_cmd_decoder.cc(10372)] [.BrowserCompositor-000001B490CCD450]RENDER WARNING: texture bound to texture unit 0 is not renderable. It maybe non-power-of-2 and have incompatible texture filtering.
[0913/165915.158:ERROR:gles2_cmd_decoder.cc(17817)] [.BrowserCompositor-000001B490CCD450]GL ERROR :GL_INVALID_OPERATION : glCreateAndConsumeTextureCHROMIUM: invalid mailbox name
[0913/165915.158:ERROR:gles2_cmd_decoder.cc(10372)] [.BrowserCompositor-000001B490CCD450]RENDER WARNING: texture bound to texture unit 0 is not renderable. It maybe non-power-of-2 and have incompatible texture filtering.
[0913/165915.158:ERROR:gles2_cmd_decoder.cc(17817)] [.BrowserCompositor-000001B490CCD450]GL ERROR :GL_INVALID_OPERATION : glCreateAndConsumeTextureCHROMIUM: invalid mailbox name
[0913/165915.159:ERROR:gles2_cmd_decoder.cc(10372)] [.BrowserCompositor-000001B490CCD450]RENDER WARNING: texture bound to texture unit 0 is not renderable. It maybe non-power-of-2 and have incompatible texture filtering.
[0913/165956.880:ERROR:angle_platform_impl.cc(47)] testDeviceLost(1884): The D3D11 device was removed, HRESULT: 0x887A0005
[0913/165956.880:ERROR:gles2_cmd_decoder.cc(16335)] Onscreen context lost via ARB/EXT_robustness. Reset status = GL_UNKNOWN_CONTEXT_RESET_KHR
[0913/165956.880:ERROR:gles2_cmd_decoder.cc(4677)]   GLES2DecoderImpl: Context reset detected after MakeCurrent.
[0913/165956.880:ERROR:gpu_channel_manager.cc(218)] Exiting GPU process because some drivers cannot recover from problems.
[0913/165956.881:ERROR:gpu_channel_manager.cc(218)] Exiting GPU process because some drivers cannot recover from problems.
[0913/165956.881:ERROR:gpu_channel_manager.cc(218)] Exiting GPU process because some drivers cannot recover from problems.
[0913/165956.881:ERROR:gpu_channel_manager.cc(218)] Exiting GPU process because some drivers cannot recover from problems.
[0913/165956.882:ERROR:gpu_channel_manager.cc(218)] Exiting GPU process because some drivers cannot recover from problems.
[0913/165956.882:ERROR:gpu_channel_manager.cc(218)] Exiting GPU process because some drivers cannot recover from problems.
[0913/165956.882:ERROR:gpu_channel_manager.cc(218)] Exiting GPU process because some drivers cannot recover from problems.
[0913/165956.882:ERROR:gpu_channel_manager.cc(218)] Exiting GPU process because some drivers cannot recover from problems.
[0913/165956.883:ERROR:gpu_channel_manager.cc(218)] Exiting GPU process because some drivers cannot recover from problems.
[0913/165956.883:ERROR:gpu_channel_manager.cc(218)] Exiting GPU process because some drivers cannot recover from problems.
[0913/165956.883:ERROR:gpu_channel_manager.cc(218)] Exiting GPU process because some drivers cannot recover from problems.
[0913/165956.883:ERROR:gpu_channel_manager.cc(218)] Exiting GPU process because some drivers cannot recover from problems.
[0913/165956.883:ERROR:gl_surface_egl.cc(537)] EGL Driver message (Critical) eglMakeCurrent: display had a context loss
[0913/165956.883:ERROR:gl_surface_egl.cc(537)] EGL Driver message (Critical) eglMakeCurrent: Context lost.
[0913/165956.884:ERROR:gl_surface_egl.cc(537)] EGL Driver message (Critical) eglDestroyContext: display had a context loss
[0913/165956.884:ERROR:gl_context_egl.cc(211)] eglDestroyContext failed with error EGL_CONTEXT_LOST
[0913/165956.884:ERROR:gl_surface_egl.cc(537)] EGL Driver message (Critical) eglMakeCurrent: display had a context loss
[0913/165956.884:ERROR:gl_surface_egl.cc(537)] EGL Driver message (Critical) eglDestroyContext: display had a context loss
[0913/165956.884:ERROR:gl_context_egl.cc(211)] eglDestroyContext failed with error EGL_CONTEXT_LOST
[0913/165956.884:ERROR:gl_surface_egl.cc(537)] EGL Driver message (Critical) eglMakeCurrent: display had a context loss
[0913/165956.884:ERROR:gl_surface_egl.cc(537)] EGL Driver message (Critical) eglDestroyContext: display had a context loss
[0913/165956.885:ERROR:gl_context_egl.cc(211)] eglDestroyContext failed with error EGL_CONTEXT_LOST
[0913/165956.885:ERROR:gl_surface_egl.cc(537)] EGL Driver message (Critical) eglMakeCurrent: display had a context loss
[0913/165956.885:ERROR:gl_surface_egl.cc(537)] EGL Driver message (Critical) eglDestroyContext: display had a context loss
[0913/165956.885:ERROR:gl_context_egl.cc(211)] eglDestroyContext failed with error EGL_CONTEXT_LOST
[0913/165956.885:ERROR:gl_surface_egl.cc(537)] EGL Driver message (Critical) eglMakeCurrent: display had a context loss
[0913/165956.885:ERROR:gl_surface_egl.cc(537)] EGL Driver message (Critical) eglDestroyContext: display had a context loss
[0913/165956.885:ERROR:gl_context_egl.cc(211)] eglDestroyContext failed with error EGL_CONTEXT_LOST
[0913/165956.885:ERROR:gl_surface_egl.cc(537)] EGL Driver message (Critical) eglMakeCurrent: display had a context loss
[0913/165956.886:ERROR:gl_surface_egl.cc(537)] EGL Driver message (Critical) eglDestroyContext: display had a context loss
[0913/165956.886:ERROR:gl_context_egl.cc(211)] eglDestroyContext failed with error EGL_CONTEXT_LOST
[0913/165956.886:ERROR:gl_surface_egl.cc(537)] EGL Driver message (Critical) eglMakeCurrent: display had a context loss
[0913/165956.886:ERROR:gl_surface_egl.cc(537)] EGL Driver message (Critical) eglDestroyContext: display had a context loss
[0913/165956.886:ERROR:gl_context_egl.cc(211)] eglDestroyContext failed with error EGL_CONTEXT_LOST
[0913/165956.886:ERROR:shared_image_stub.cc(191)] SharedImageStub: context already lost
[0913/165956.886:ERROR:gl_surface_egl.cc(537)] EGL Driver message (Critical) eglMakeCurrent: display had a context loss
[0913/165956.886:ERROR:gl_surface_egl.cc(537)] EGL Driver message (Critical) eglMakeCurrent: display had a context loss
[0913/165956.887:ERROR:gl_surface_egl.cc(537)] EGL Driver message (Critical) eglDestroyContext: display had a context loss
[0913/165956.887:ERROR:gl_context_egl.cc(211)] eglDestroyContext failed with error EGL_CONTEXT_LOST
[0913/165956.887:ERROR:gl_surface_egl.cc(537)] EGL Driver message (Critical) eglDestroySurface: display had a context loss
[0913/165956.887:ERROR:gl_surface_egl.cc(1171)] eglDestroySurface failed with error EGL_CONTEXT_LOST
[0913/165956.887:ERROR:gl_surface_egl.cc(537)] EGL Driver message (Critical) eglMakeCurrent: display had a context loss
[0913/165956.887:ERROR:gl_surface_egl.cc(537)] EGL Driver message (Critical) eglDestroyContext: display had a context loss
[0913/165956.887:ERROR:gl_context_egl.cc(211)] eglDestroyContext failed with error EGL_CONTEXT_LOST
[0913/165956.887:ERROR:gl_surface_egl.cc(537)] EGL Driver message (Critical) eglDestroySurface: display had a context loss
[0913/165956.887:ERROR:gl_surface_egl.cc(1171)] eglDestroySurface failed with error EGL_CONTEXT_LOST
[0913/165956.888:ERROR:gl_bindings_autogen_gl.cc(14114)] Trying to call glDeleteFramebuffersEXT without current GL context
[0913/165956.888:ERROR:gl_bindings_autogen_gl.cc(14114)] Trying to call glDeleteVertexArraysOES without current GL context
[0913/165956.888:ERROR:gl_bindings_autogen_gl.cc(14114)] Trying to call glDeleteTextures without current GL context
[0913/165956.888:ERROR:gl_bindings_autogen_gl.cc(14114)] Trying to call glDeleteTextures without current GL context
[0913/165956.888:ERROR:gl_bindings_autogen_gl.cc(14114)] Trying to call glDeleteProgram without current GL context
[0913/165956.888:ERROR:gl_bindings_autogen_gl.cc(14114)] Trying to call glDeleteProgram without current GL context
[0913/165956.888:ERROR:gl_bindings_autogen_gl.cc(14114)] Trying to call glDeleteShader without current GL context
[0913/165956.888:ERROR:gl_bindings_autogen_gl.cc(14114)] Trying to call glDeleteShader without current GL context
[0913/165956.888:ERROR:gl_bindings_autogen_gl.cc(14114)] Trying to call glDeleteShader without current GL context
[0913/165956.889:ERROR:gl_bindings_autogen_gl.cc(14114)] Trying to call glDeleteShader without current GL context
[0913/165956.889:ERROR:gl_surface_egl.cc(537)] EGL Driver message (Critical) eglMakeCurrent: Context lost.
[0913/165956.889:ERROR:gl_surface_egl.cc(537)] EGL Driver message (Critical) eglDestroyContext: display had a context loss
[0913/165956.889:ERROR:gl_context_egl.cc(211)] eglDestroyContext failed with error EGL_CONTEXT_LOST
[0913/165956.889:ERROR:gl_surface_egl.cc(537)] EGL Driver message (Critical) eglDestroySurface: display had a context loss
[0913/165956.889:ERROR:gl_surface_egl.cc(1171)] eglDestroySurface failed with error EGL_CONTEXT_LOST
[0913/165956.889:ERROR:shared_image_stub.cc(191)] SharedImageStub: context already lost
[0913/165956.889:ERROR:gl_surface_egl.cc(537)] EGL Driver message (Critical) eglDestroyContext: display had a context loss
[0913/165956.889:ERROR:gl_context_egl.cc(211)] eglDestroyContext failed with error EGL_CONTEXT_LOST
[0913/165957.900:ERROR:gles2_cmd_decoder.cc(17817)] [.BrowserCompositor-000001B4972BBDE0]GL ERROR :GL_INVALID_OPERATION : glCreateAndConsumeTextureCHROMIUM: invalid mailbox name
[0913/165957.916:ERROR:gles2_cmd_decoder.cc(10372)] [.BrowserCompositor-000001B4972BBDE0]RENDER WARNING: texture bound to texture unit 0 is not renderable. It maybe non-power-of-2 and have incompatible texture filtering.
[0913/165957.918:ERROR:gles2_cmd_decoder.cc(17817)] [.BrowserCompositor-000001B4972BBDE0]GL ERROR :GL_INVALID_OPERATION : glCreateAndConsumeTextureCHROMIUM: invalid mailbox name
[0913/165957.918:ERROR:gles2_cmd_decoder.cc(10372)] [.BrowserCompositor-000001B4972BBDE0]RENDER WARNING: texture bound to texture unit 0 is not renderable. It maybe non-power-of-2 and have incompatible texture filtering.
[0913/165957.919:ERROR:gles2_cmd_decoder.cc(17817)] [.BrowserCompositor-000001B4972BBDE0]GL ERROR :GL_INVALID_OPERATION : glCreateAndConsumeTextureCHROMIUM: invalid mailbox name
[0913/165957.919:ERROR:gles2_cmd_decoder.cc(10372)] [.BrowserCompositor-000001B4972BBDE0]RENDER WARNING: texture bound to texture unit 0 is not renderable. It maybe non-power-of-2 and have incompatible texture filtering.
[0913/165958.142:WARNING:angle_platform_impl.cc(52)] compileToBinary(230): 
C:\fakepath(77,10-42): warning X3571: pow(f, e) will not work for negative f, use abs(f) or conditionally handle negative values if you expect them
C:\fakepath(99,10-42): warning X3571: pow(f, e) will not work for negative f, use abs(f) or conditionally handle negative values if you expect them

